---------------------------------------------------------------------------------------------------------------------------------------------------------------------------------------------------------------------------------------------------------------
      name:  <unnamed>
       log:  /home/avila/devel/WealthAndHealth/logs/l_vars_in_smp22.log
  log type:  text
 opened on:   8 Jun 2021, 15:42:36

. di as res "`=list_of_vars_sample_22_categ'"
 plb0024_h plb0024_v3 ple0008 ple0009 ple0011 ple0012 ple0013 ple0014 ple0015 ple0016 ple0017 ple0018 ple0019 ple0020 ple0021 ple0022 ple0023 ple0024 ple0040 ple0044_h ple0044_v1 ple0048 ple0050 ple0052 ple0053 ple0073 ple0097 ple0099_h ple0099_v5 ple0104
> _h ple0160 ple0162 ple0174 plh0182

. di as res "`=list_of_vars_sample_22_conti'"
 ple0041 ple0046 ple0049 ple0051 ple0055 ple0056 ple0072 ple0175

. 
. desc `=list_of_vars_sample_22_categ'

              storage   display    value
variable name   type    format     label      variable label
---------------------------------------------------------------------------------------------------------------------------------------------------------------------------------------------------------------------------------------------------------------
plb0024_h       byte    %60.0g     plb0024_h
                                              Krankgemeldet ueber 6 Wochen Vorjahr [harmonisiert]
plb0024_v3      byte    %60.0g     plb0024_v3
                                              Laenger als 6 Wochen krank gemeldet [1999-2019]
ple0008         byte    %60.0g     ple0008    Gesundheitszustand gegenwaertig
ple0009         byte    %60.0g     ple0009    Einschraenkg.im Alltgasleben wg. gesundheitl. Probleme
ple0011         byte    %60.0g     ple0011    Schlafstoerung
ple0012         byte    %60.0g     ple0012    Diabetes
ple0013         byte    %60.0g     ple0013    Asthma
ple0014         byte    %60.0g     ple0014    Herzkrankheit
ple0015         byte    %60.0g     ple0015    Krebserkrankung
ple0016         byte    %60.0g     ple0016    Schlaganfall
ple0017         byte    %60.0g     ple0017    Migraene
ple0018         byte    %60.0g     ple0018    Bluthochdruck
ple0019         byte    %60.0g     ple0019    Depressive Erkrankung
ple0020         byte    %60.0g     ple0020    Demenzerkrankung
ple0021         byte    %60.0g     ple0021    Gelenkerkrankungen (auch Arthrose, Rheuma)
ple0022         byte    %60.0g     ple0022    Chronische Rueckenbeschwerden
ple0023         byte    %60.0g     ple0023    Sonstige Krankheit
ple0024         byte    %60.0g     ple0024    Keine Krankheit festgestellt
ple0040         byte    %60.0g     ple0040    Erwerbs-, Schwerbehinderung
ple0044_h       byte    %60.0g     ple0044_h
                                              Wegen Krankheit nicht gearbeitet Vorjahr [harmonisiert]
ple0044_v1      byte    %60.0g     ple0044_v1
                                              Keinen Tag gefehlt wegen Krankheit (unregelmaessig) [1985-2019]
ple0048         byte    %60.0g     ple0048    Wegen Krankheit des Kindes nicht gearbeitet
ple0050         byte    %60.0g     ple0050    Aus anderen Gruenden nicht gearbeitet
ple0052         byte    %60.0g     ple0052    Keine Fehltage aus persoenlichen Gruenden
ple0053         byte    %60.0g     ple0053    Krankenhausaufenthalt Vorjahr
ple0073         byte    %60.0g     ple0073    Arztbesuche Keine
ple0097         byte    %60.0g     ple0097    Art der Krankenversicherung
ple0099_h       byte    %52.0g     ple0099_h
                                              Versichertenstatus [harmonisiert]
ple0099_v5      byte    %60.0g     ple0099_v5
                                              Versichertenstatus [1999-2019]
ple0104_h       byte    %60.0g     ple0104_h
                                              Welche Krankenversicherung erst ab 1999 [harmonisiert]
ple0160         byte    %60.0g     ple0160    Kassenwechsel in Vorjahr
ple0162         byte    %60.0g     ple0162    Gesundheitliche Probleme laenger als halbes Jahr
ple0174         byte    %60.0g     ple0174    Nicht gearbeitet wg. Pflege eines Angeh. Vorjahr
plh0182         byte    %59.0g     plh0182    Lebenszufriedenheit gegenwaertig

. // desc `=list_of_vars_sample_22_conti' // -> there are no continuous variables for sample 22 beloging to health vars.
. 
. if 1 {
.     fre `=list_of_vars_sample_22_categ'

plb0024_h -- Krankgemeldet ueber 6 Wochen Vorjahr [harmonisiert]
-----------------------------------------------------------------------------
                                |      Freq.    Percent      Valid       Cum.
--------------------------------+--------------------------------------------
Valid   -2 [-2] trifft nicht zu |        234       9.59       9.59       9.59
        -1 [-1] keine Angabe    |          1       0.04       0.04       9.63
        1  [1] Ja               |         40       1.64       1.64      11.27
        2  [2] Nein             |       2165      88.73      88.73     100.00
        Total                   |       2440     100.00     100.00           
-----------------------------------------------------------------------------

plb0024_v3 -- Laenger als 6 Wochen krank gemeldet  [1999-2019]
---------------------------------------------------------------------------------------------
                                                |      Freq.    Percent      Valid       Cum.
------------------------------------------------+--------------------------------------------
Valid   -1 [-1] keine Angabe                    |          1       0.04       0.04       0.04
        1  [1] Ja einmal                        |         36       1.48       1.48       1.52
        2  [2] Ja mehrmals                      |          4       0.16       0.16       1.68
        3  [3] Nein                             |       2165      88.73      88.73      90.41
        4  [4] Trifft nicht zu im Vorjahr nicht |        234       9.59       9.59     100.00
           erwerbstaetig                        |                                            
        Total                                   |       2440     100.00     100.00           
---------------------------------------------------------------------------------------------

ple0008 -- Gesundheitszustand gegenwaertig
------------------------------------------------------------------------------
                                 |      Freq.    Percent      Valid       Cum.
---------------------------------+--------------------------------------------
Valid   -1 [-1] keine Angabe     |          7       0.29       0.29       0.29
        1  [1] Sehr gut          |        510      20.90      20.90      21.19
        2  [2] Gut               |       1188      48.69      48.69      69.88
        3  [3] Zufriedenstellend |        557      22.83      22.83      92.70
        4  [4] Weniger gut       |        161       6.60       6.60      99.30
        5  [5] Schlecht          |         17       0.70       0.70     100.00
        Total                    |       2440     100.00     100.00           
------------------------------------------------------------------------------

ple0009 -- Einschraenkg.im Alltgasleben wg. gesundheitl. Probleme
---------------------------------------------------------------------------------------
                                          |      Freq.    Percent      Valid       Cum.
------------------------------------------+--------------------------------------------
Valid   -1 [-1] keine Angabe              |         22       0.90       0.90       0.90
        1  [1] Ja, stark eingeschraenkt   |         73       2.99       2.99       3.89
        2  [2] Ja, etwas eingeschraenkt   |        429      17.58      17.58      21.48
        3  [3] Nein, nicht eingeschraenkt |       1916      78.52      78.52     100.00
        Total                             |       2440     100.00     100.00           
---------------------------------------------------------------------------------------

ple0011 -- Schlafstoerung
-----------------------------------------------------------------------------
                                |      Freq.    Percent      Valid       Cum.
--------------------------------+--------------------------------------------
Valid   -2 [-2] trifft nicht zu |       2286      93.69      93.69      93.69
        1  [1] Ja               |        154       6.31       6.31     100.00
        Total                   |       2440     100.00     100.00           
-----------------------------------------------------------------------------

ple0012 -- Diabetes
-----------------------------------------------------------------------------
                                |      Freq.    Percent      Valid       Cum.
--------------------------------+--------------------------------------------
Valid   -2 [-2] trifft nicht zu |       2321      95.12      95.12      95.12
        1  [1] Ja               |        119       4.88       4.88     100.00
        Total                   |       2440     100.00     100.00           
-----------------------------------------------------------------------------

ple0013 -- Asthma
-----------------------------------------------------------------------------
                                |      Freq.    Percent      Valid       Cum.
--------------------------------+--------------------------------------------
Valid   -2 [-2] trifft nicht zu |       2296      94.10      94.10      94.10
        1  [1] Ja               |        144       5.90       5.90     100.00
        Total                   |       2440     100.00     100.00           
-----------------------------------------------------------------------------

ple0014 -- Herzkrankheit
-----------------------------------------------------------------------------
                                |      Freq.    Percent      Valid       Cum.
--------------------------------+--------------------------------------------
Valid   -2 [-2] trifft nicht zu |       2264      92.79      92.79      92.79
        1  [1] Ja               |        176       7.21       7.21     100.00
        Total                   |       2440     100.00     100.00           
-----------------------------------------------------------------------------

ple0015 -- Krebserkrankung
-----------------------------------------------------------------------------
                                |      Freq.    Percent      Valid       Cum.
--------------------------------+--------------------------------------------
Valid   -2 [-2] trifft nicht zu |       2302      94.34      94.34      94.34
        1  [1] Ja               |        138       5.66       5.66     100.00
        Total                   |       2440     100.00     100.00           
-----------------------------------------------------------------------------

ple0016 -- Schlaganfall
-----------------------------------------------------------------------------
                                |      Freq.    Percent      Valid       Cum.
--------------------------------+--------------------------------------------
Valid   -2 [-2] trifft nicht zu |       2400      98.36      98.36      98.36
        1  [1] Ja               |         40       1.64       1.64     100.00
        Total                   |       2440     100.00     100.00           
-----------------------------------------------------------------------------

ple0017 -- Migraene
-----------------------------------------------------------------------------
                                |      Freq.    Percent      Valid       Cum.
--------------------------------+--------------------------------------------
Valid   -2 [-2] trifft nicht zu |       2328      95.41      95.41      95.41
        1  [1] Ja               |        112       4.59       4.59     100.00
        Total                   |       2440     100.00     100.00           
-----------------------------------------------------------------------------

ple0018 -- Bluthochdruck
-----------------------------------------------------------------------------
                                |      Freq.    Percent      Valid       Cum.
--------------------------------+--------------------------------------------
Valid   -2 [-2] trifft nicht zu |       1872      76.72      76.72      76.72
        1  [1] Ja               |        568      23.28      23.28     100.00
        Total                   |       2440     100.00     100.00           
-----------------------------------------------------------------------------

ple0019 -- Depressive Erkrankung
-----------------------------------------------------------------------------
                                |      Freq.    Percent      Valid       Cum.
--------------------------------+--------------------------------------------
Valid   -2 [-2] trifft nicht zu |       2327      95.37      95.37      95.37
        1  [1] Ja               |        113       4.63       4.63     100.00
        Total                   |       2440     100.00     100.00           
-----------------------------------------------------------------------------

ple0020 -- Demenzerkrankung
-----------------------------------------------------------------------------
                                |      Freq.    Percent      Valid       Cum.
--------------------------------+--------------------------------------------
Valid   -2 [-2] trifft nicht zu |       2439      99.96      99.96      99.96
        1  [1] Ja               |          1       0.04       0.04     100.00
        Total                   |       2440     100.00     100.00           
-----------------------------------------------------------------------------

ple0021 -- Gelenkerkrankungen (auch Arthrose, Rheuma)
-----------------------------------------------------------------------------
                                |      Freq.    Percent      Valid       Cum.
--------------------------------+--------------------------------------------
Valid   -2 [-2] trifft nicht zu |       2059      84.39      84.39      84.39
        1  [1] Ja               |        381      15.61      15.61     100.00
        Total                   |       2440     100.00     100.00           
-----------------------------------------------------------------------------

ple0022 -- Chronische Rueckenbeschwerden
-----------------------------------------------------------------------------
                                |      Freq.    Percent      Valid       Cum.
--------------------------------+--------------------------------------------
Valid   -2 [-2] trifft nicht zu |       2175      89.14      89.14      89.14
        1  [1] Ja               |        265      10.86      10.86     100.00
        Total                   |       2440     100.00     100.00           
-----------------------------------------------------------------------------

ple0023 -- Sonstige Krankheit
-----------------------------------------------------------------------------
                                |      Freq.    Percent      Valid       Cum.
--------------------------------+--------------------------------------------
Valid   -2 [-2] trifft nicht zu |       2149      88.07      88.07      88.07
        1  [1] Ja               |        291      11.93      11.93     100.00
        Total                   |       2440     100.00     100.00           
-----------------------------------------------------------------------------

ple0024 -- Keine Krankheit festgestellt
-----------------------------------------------------------------------------
                                |      Freq.    Percent      Valid       Cum.
--------------------------------+--------------------------------------------
Valid   -2 [-2] trifft nicht zu |       1499      61.43      61.43      61.43
        -1 [-1] keine Angabe    |         41       1.68       1.68      63.11
        1  [1] Ja               |        900      36.89      36.89     100.00
        Total                   |       2440     100.00     100.00           
-----------------------------------------------------------------------------

ple0040 -- Erwerbs-, Schwerbehinderung
--------------------------------------------------------------------------
                             |      Freq.    Percent      Valid       Cum.
-----------------------------+--------------------------------------------
Valid   -1 [-1] keine Angabe |         12       0.49       0.49       0.49
        1  [1] Ja            |        112       4.59       4.59       5.08
        2  [2] Nein          |       2316      94.92      94.92     100.00
        Total                |       2440     100.00     100.00           
--------------------------------------------------------------------------

ple0044_h -- Wegen Krankheit nicht gearbeitet Vorjahr [harmonisiert]
-----------------------------------------------------------------------------
                                |      Freq.    Percent      Valid       Cum.
--------------------------------+--------------------------------------------
Valid   -2 [-2] trifft nicht zu |       1163      47.66      47.66      47.66
        -1 [-1] keine Angabe    |         25       1.02       1.02      48.69
        1  [1] Keinen Tag       |       1252      51.31      51.31     100.00
        Total                   |       2440     100.00     100.00           
-----------------------------------------------------------------------------

ple0044_v1 -- Keinen Tag gefehlt wegen Krankheit (unregelmaessig) [1985-2019]
-----------------------------------------------------------------------------
                                |      Freq.    Percent      Valid       Cum.
--------------------------------+--------------------------------------------
Valid   -2 [-2] trifft nicht zu |       1163      47.66      47.66      47.66
        -1 [-1] keine Angabe    |         25       1.02       1.02      48.69
        1  [1] Keinen Tag       |       1252      51.31      51.31     100.00
        Total                   |       2440     100.00     100.00           
-----------------------------------------------------------------------------

ple0048 -- Wegen Krankheit des Kindes nicht gearbeitet
-------------------------------------------------------------------------------------
                                        |      Freq.    Percent      Valid       Cum.
----------------------------------------+--------------------------------------------
Valid   -2 [-2] trifft nicht zu         |       2333      95.61      95.61      95.61
        1  [1] Ja, wegen Krankheit Kind |        107       4.39       4.39     100.00
        Total                           |       2440     100.00     100.00           
-------------------------------------------------------------------------------------

ple0050 -- Aus anderen Gruenden nicht gearbeitet
-------------------------------------------------------------------------------------
                                        |      Freq.    Percent      Valid       Cum.
----------------------------------------+--------------------------------------------
Valid   -2 [-2] trifft nicht zu         |       2324      95.25      95.25      95.25
        1  [1] Ja, aus anderen Gruenden |        116       4.75       4.75     100.00
        Total                           |       2440     100.00     100.00           
-------------------------------------------------------------------------------------

ple0052 -- Keine Fehltage aus persoenlichen Gruenden
---------------------------------------------------------------------------------
                                    |      Freq.    Percent      Valid       Cum.
------------------------------------+--------------------------------------------
Valid   -2 [-2] trifft nicht zu     |        487      19.96      19.96      19.96
        -1 [-1] keine Angabe        |         20       0.82       0.82      20.78
        1  [1] Nein, keine Fehltage |       1933      79.22      79.22     100.00
        Total                       |       2440     100.00     100.00           
---------------------------------------------------------------------------------

ple0053 -- Krankenhausaufenthalt Vorjahr
--------------------------------------------------------------------------
                             |      Freq.    Percent      Valid       Cum.
-----------------------------+--------------------------------------------
Valid   -1 [-1] keine Angabe |          8       0.33       0.33       0.33
        1  [1] Ja            |        286      11.72      11.72      12.05
        2  [2] Nein          |       2146      87.95      87.95     100.00
        Total                |       2440     100.00     100.00           
--------------------------------------------------------------------------

ple0073 -- Arztbesuche Keine
-----------------------------------------------------------------------------
                                |      Freq.    Percent      Valid       Cum.
--------------------------------+--------------------------------------------
Valid   -2 [-2] trifft nicht zu |       1614      66.15      66.15      66.15
        -1 [-1] keine Angabe    |         16       0.66       0.66      66.80
        1  [1] Ja               |        810      33.20      33.20     100.00
        Total                   |       2440     100.00     100.00           
-----------------------------------------------------------------------------

ple0097 -- Art der Krankenversicherung
---------------------------------------------------------------------------
                              |      Freq.    Percent      Valid       Cum.
------------------------------+--------------------------------------------
Valid   -1 [-1] keine Angabe  |         12       0.49       0.49       0.49
        1  [1] Gesetzliche KV |       1240      50.82      50.82      51.31
        2  [2] Private KV     |       1188      48.69      48.69     100.00
        Total                 |       2440     100.00     100.00           
---------------------------------------------------------------------------

ple0099_h -- Versichertenstatus [harmonisiert]
--------------------------------------------------------------------------------------------------------
                                                           |      Freq.    Percent      Valid       Cum.
-----------------------------------------------------------+--------------------------------------------
Valid   -2 [-2] trifft nicht zu                            |       1200      49.18      49.18      49.18
        -1 [-1] keine Angabe                               |          6       0.25       0.25      49.43
        1  [1] Pflichtmitglied                             |        497      20.37      20.37      69.80
        2  [2] Freiwilliges Mitglied                       |        576      23.61      23.61      93.40
        3  [3] Mitversichertes Familienmitglied            |         51       2.09       2.09      95.49
        4  [4] Versichert als Rentner/Arbeitsloser/Student |        110       4.51       4.51     100.00
        Total                                              |       2440     100.00     100.00           
--------------------------------------------------------------------------------------------------------

ple0099_v5 -- Versichertenstatus  [1999-2019]
--------------------------------------------------------------------------------------------------------
                                                           |      Freq.    Percent      Valid       Cum.
-----------------------------------------------------------+--------------------------------------------
Valid   -2 [-2] trifft nicht zu                            |       1200      49.18      49.18      49.18
        -1 [-1] keine Angabe                               |          6       0.25       0.25      49.43
        1  [1] Pflichtmitglied                             |        497      20.37      20.37      69.80
        2  [2] Freiwilliges Mitglied                       |        576      23.61      23.61      93.40
        3  [3] Mitversichertes Familienmitglied            |         51       2.09       2.09      95.49
        4  [4] Versichert als Rentner/Arbeitsloser/Student |        110       4.51       4.51     100.00
        Total                                              |       2440     100.00     100.00           
--------------------------------------------------------------------------------------------------------

ple0104_h -- Welche Krankenversicherung erst ab 1999 [harmonisiert]
-------------------------------------------------------------------------------------------
                                              |      Freq.    Percent      Valid       Cum.
----------------------------------------------+--------------------------------------------
Valid   -2 [-2] trifft nicht zu               |       1200      49.18      49.18      49.18
        -1 [-1] keine Angabe                  |          8       0.33       0.33      49.51
        1  [1] AOK                            |        217       8.89       8.89      58.40
        2  [2] Barmer/GEK                     |        219       8.98       8.98      67.38
        3  [3] DAK-Gesundheit                 |        123       5.04       5.04      72.42
        4  [4] TK                             |        291      11.93      11.93      84.34
        5  [5] IKK/BIG                        |         92       3.77       3.77      88.11
        6  [6] KKH Allianz                    |         47       1.93       1.93      90.04
        8  [8] Knappschaft                    |         19       0.78       0.78      90.82
        9  [9] LKK                            |         30       1.23       1.23      92.05
        10 [10] Sonstige Betriebskrankenkasse |        158       6.48       6.48      98.52
        11 [11] Sonstige Krankenversicherung  |         36       1.48       1.48     100.00
        Total                                 |       2440     100.00     100.00           
-------------------------------------------------------------------------------------------

ple0160 -- Kassenwechsel in Vorjahr
--------------------------------------------------------------------------
                             |      Freq.    Percent      Valid       Cum.
-----------------------------+--------------------------------------------
Valid   -1 [-1] keine Angabe |          7       0.29       0.29       0.29
        1  [1] Ja            |         70       2.87       2.87       3.16
        2  [2] Nein          |       2363      96.84      96.84     100.00
        Total                |       2440     100.00     100.00           
--------------------------------------------------------------------------

ple0162 -- Gesundheitliche Probleme laenger als halbes Jahr
-----------------------------------------------------------------------------
                                |      Freq.    Percent      Valid       Cum.
--------------------------------+--------------------------------------------
Valid   -2 [-2] trifft nicht zu |       1938      79.43      79.43      79.43
        -1 [-1] keine Angabe    |          3       0.12       0.12      79.55
        1  [1] Ja               |        472      19.34      19.34      98.89
        2  [2] Nein             |         27       1.11       1.11     100.00
        Total                   |       2440     100.00     100.00           
-----------------------------------------------------------------------------

ple0174 -- Nicht gearbeitet wg. Pflege eines Angeh. Vorjahr
------------------------------------------------------------------------------------------------
                                                   |      Freq.    Percent      Valid       Cum.
---------------------------------------------------+--------------------------------------------
Valid   -2 [-2] trifft nicht zu                    |       2395      98.16      98.16      98.16
        1  [1] Ja, wegen Pflege eines Angehoerigen |         45       1.84       1.84     100.00
        Total                                      |       2440     100.00     100.00           
------------------------------------------------------------------------------------------------

plh0182 -- Lebenszufriedenheit gegenwaertig
-------------------------------------------------------------------------------------------------------
                                                          |      Freq.    Percent      Valid       Cum.
----------------------------------------------------------+--------------------------------------------
Valid   -1 [-1] keine Angabe                              |         19       0.78       0.78       0.78
        1  [1] 1 Zufrieden: Skala 0-Niedrig bis 10-Hoch   |          2       0.08       0.08       0.86
        2  [2] 2 Zufrieden: Skala 0-Niedrig bis 10-Hoch   |          4       0.16       0.16       1.02
        3  [3] 3 Zufrieden: Skala 0-Niedrig bis 10-Hoch   |         10       0.41       0.41       1.43
        4  [4] 4 Zufrieden: Skala 0-Niedrig bis 10-Hoch   |         19       0.78       0.78       2.21
        5  [5] 5 Zufrieden: Skala 0-Niedrig bis 10-Hoch   |         59       2.42       2.42       4.63
        6  [6] 6 Zufrieden: Skala 0-Niedrig bis 10-Hoch   |         70       2.87       2.87       7.50
        7  [7] 7 Zufrieden: Skala 0-Niedrig bis 10-Hoch   |        250      10.25      10.25      17.75
        8  [8] 8 Zufrieden: Skala 0-Niedrig bis 10-Hoch   |        799      32.75      32.75      50.49
        9  [9] 9 Zufrieden: Skala 0-Niedrig bis 10-Hoch   |        816      33.44      33.44      83.93
        10 [10] 10 Zufrieden: Skala 0-Niedrig bis 10-Hoch |        392      16.07      16.07     100.00
        Total                                             |       2440     100.00     100.00           
-------------------------------------------------------------------------------------------------------
. }

. log close
      name:  <unnamed>
       log:  /home/avila/devel/WealthAndHealth/logs/l_vars_in_smp22.log
  log type:  text
 closed on:   8 Jun 2021, 15:42:36
---------------------------------------------------------------------------------------------------------------------------------------------------------------------------------------------------------------------------------------------------------------
